TN:
SF:index.js
FN:25,(anonymous_0)
FN:28,(anonymous_1)
FN:31,(anonymous_2)
FN:34,(anonymous_3)
FN:37,(anonymous_4)
FN:41,(anonymous_5)
FNF:6
FNH:1
FNDA:0,(anonymous_0)
FNDA:0,(anonymous_1)
FNDA:0,(anonymous_2)
FNDA:0,(anonymous_3)
FNDA:0,(anonymous_4)
FNDA:1,(anonymous_5)
DA:1,1
DA:2,1
DA:3,1
DA:4,1
DA:5,1
DA:6,1
DA:7,1
DA:10,1
DA:13,1
DA:14,1
DA:15,1
DA:16,1
DA:17,1
DA:18,1
DA:19,1
DA:20,1
DA:21,1
DA:23,1
DA:24,1
DA:25,1
DA:26,0
DA:28,1
DA:29,0
DA:31,1
DA:32,0
DA:34,1
DA:35,0
DA:37,1
DA:38,0
DA:41,1
DA:43,1
LF:31
LH:26
BRF:0
BRH:0
end_of_record
TN:
SF:controllers\article-contoller.js
FN:3,(anonymous_0)
FN:22,(anonymous_1)
FN:34,(anonymous_2)
FN:46,(anonymous_3)
FN:63,(anonymous_4)
FN:82,(anonymous_5)
FN:107,(anonymous_6)
FNF:7
FNH:5
FNDA:1,(anonymous_0)
FNDA:1,(anonymous_1)
FNDA:1,(anonymous_2)
FNDA:1,(anonymous_3)
FNDA:0,(anonymous_4)
FNDA:1,(anonymous_5)
FNDA:0,(anonymous_6)
DA:1,1
DA:3,1
DA:4,1
DA:5,1
DA:6,1
DA:7,1
DA:9,1
DA:15,1
DA:16,1
DA:18,0
DA:22,1
DA:23,1
DA:24,1
DA:25,1
DA:26,0
DA:28,1
DA:30,0
DA:34,1
DA:35,1
DA:36,1
DA:37,1
DA:38,1
DA:40,1
DA:42,1
DA:46,1
DA:47,1
DA:48,1
DA:49,1
DA:50,0
DA:52,1
DA:53,1
DA:59,0
DA:63,1
DA:64,0
DA:65,0
DA:66,0
DA:67,0
DA:68,0
DA:70,0
DA:71,0
DA:72,0
DA:73,0
DA:74,0
DA:76,0
DA:82,1
DA:83,1
DA:86,1
DA:87,1
DA:90,1
DA:95,1
DA:96,1
DA:97,0
DA:99,1
DA:100,1
DA:101,1
DA:103,0
DA:107,1
DA:108,0
DA:109,0
DA:110,0
DA:112,0
DA:113,0
DA:114,0
DA:119,0
LF:64
LH:39
BRDA:25,0,0,0
BRDA:25,0,1,1
BRDA:37,1,0,1
BRDA:37,1,1,0
BRDA:49,2,0,0
BRDA:49,2,1,1
BRDA:96,3,0,0
BRDA:96,3,1,1
BRDA:113,4,0,0
BRDA:113,4,1,0
BRF:10
BRH:4
end_of_record
TN:
SF:controllers\user-controller.js
FN:8,(anonymous_0)
FN:38,(anonymous_1)
FN:71,(anonymous_2)
FN:96,(anonymous_3)
FN:105,(anonymous_4)
FN:114,(anonymous_5)
FNF:6
FNH:6
FNDA:1,(anonymous_0)
FNDA:1,(anonymous_1)
FNDA:1,(anonymous_2)
FNDA:1,(anonymous_3)
FNDA:1,(anonymous_4)
FNDA:1,(anonymous_5)
DA:1,1
DA:2,1
DA:3,1
DA:4,1
DA:5,1
DA:8,1
DA:9,1
DA:11,1
DA:13,1
DA:14,1
DA:17,0
DA:25,0
DA:26,0
DA:33,0
DA:38,1
DA:39,1
DA:40,1
DA:42,1
DA:43,0
DA:45,1
DA:46,1
DA:47,0
DA:50,1
DA:51,1
DA:52,1
DA:55,1
DA:56,0
DA:59,1
DA:60,1
DA:66,0
DA:71,1
DA:72,1
DA:73,1
DA:74,1
DA:75,0
DA:78,1
DA:80,1
DA:81,0
DA:84,1
DA:85,1
DA:92,0
DA:96,1
DA:97,1
DA:98,1
DA:99,1
DA:101,0
DA:105,1
DA:106,1
DA:107,1
DA:108,1
DA:110,0
DA:114,1
DA:115,1
DA:116,1
DA:117,1
DA:122,0
LF:56
LH:42
BRDA:13,0,0,1
BRDA:13,0,1,0
BRDA:42,1,0,0
BRDA:42,1,1,1
BRDA:46,2,0,0
BRDA:46,2,1,1
BRDA:51,3,0,1
BRDA:51,3,1,0
BRDA:55,4,0,0
BRDA:55,4,1,1
BRDA:74,5,0,0
BRDA:74,5,1,1
BRDA:80,6,0,0
BRDA:80,6,1,1
BRF:14
BRH:7
end_of_record
TN:
SF:middlewares\auth.js
FN:4,(anonymous_0)
FNF:1
FNH:1
FNDA:5,(anonymous_0)
DA:1,1
DA:2,1
DA:4,1
DA:5,5
DA:6,5
DA:7,0
DA:9,5
DA:10,5
DA:11,5
DA:12,5
DA:14,0
LF:11
LH:9
BRDA:6,0,0,0
BRDA:6,0,1,5
BRF:2
BRH:1
end_of_record
TN:
SF:middlewares\validate.js
FN:4,(anonymous_0)
FN:24,(anonymous_1)
FN:46,(anonymous_2)
FNF:3
FNH:3
FNDA:1,(anonymous_0)
FNDA:2,(anonymous_1)
FNDA:1,(anonymous_2)
DA:1,1
DA:2,1
DA:4,1
DA:5,1
DA:6,1
DA:11,1
DA:12,1
DA:13,0
DA:18,1
DA:20,0
DA:24,1
DA:25,2
DA:26,2
DA:31,2
DA:32,2
DA:33,0
DA:39,2
DA:41,0
DA:46,1
DA:47,1
DA:53,1
DA:54,1
DA:55,0
DA:61,1
LF:24
LH:19
BRDA:12,0,0,0
BRDA:12,0,1,1
BRDA:32,1,0,0
BRDA:32,1,1,2
BRDA:54,2,0,0
BRDA:54,2,1,1
BRF:6
BRH:3
end_of_record
TN:
SF:models\Article.js
FNF:0
FNH:0
DA:1,1
DA:2,1
DA:4,1
DA:30,1
DA:31,1
LF:5
LH:5
BRF:0
BRH:0
end_of_record
TN:
SF:models\User.js
FN:23,(anonymous_0)
FNF:1
FNH:1
FNDA:2,(anonymous_0)
DA:1,1
DA:2,1
DA:3,1
DA:4,1
DA:6,1
DA:23,1
DA:24,2
DA:27,2
DA:30,1
DA:31,1
LF:10
LH:10
BRF:0
BRH:0
end_of_record
TN:
SF:models\mongodb.js
FN:7,(anonymous_0)
FN:10,(anonymous_1)
FNF:2
FNH:1
FNDA:1,(anonymous_0)
FNDA:0,(anonymous_1)
DA:1,1
DA:3,1
DA:8,1
DA:11,0
LF:4
LH:3
BRF:0
BRH:0
end_of_record
TN:
SF:routes\routes.js
FNF:0
FNH:0
DA:1,1
DA:2,1
DA:3,1
DA:5,1
DA:6,1
DA:7,1
DA:9,1
DA:10,1
DA:11,1
DA:12,1
DA:13,1
DA:14,1
DA:17,1
DA:18,1
DA:19,1
DA:20,1
DA:21,1
DA:22,1
DA:24,1
LF:19
LH:19
BRF:0
BRH:0
end_of_record
