TN:
SF:index.js
FN:35,(anonymous_0)
FN:38,(anonymous_1)
FN:41,(anonymous_2)
FN:44,(anonymous_3)
FN:47,(anonymous_4)
FN:53,(anonymous_5)
FN:58,(anonymous_6)
FNF:7
FNH:1
FNDA:0,(anonymous_0)
FNDA:0,(anonymous_1)
FNDA:0,(anonymous_2)
FNDA:0,(anonymous_3)
FNDA:0,(anonymous_4)
FNDA:0,(anonymous_5)
FNDA:1,(anonymous_6)
DA:1,1
DA:2,1
DA:3,1
DA:4,1
DA:5,1
DA:6,1
DA:7,1
DA:8,1
DA:9,1
DA:10,1
DA:12,1
DA:15,1
DA:18,1
DA:19,1
DA:20,1
DA:22,1
DA:24,1
DA:25,1
DA:26,1
DA:27,1
DA:28,1
DA:29,1
DA:31,1
DA:32,1
DA:33,1
DA:34,1
DA:35,1
DA:36,0
DA:38,1
DA:39,0
DA:41,1
DA:42,0
DA:44,1
DA:45,0
DA:47,1
DA:48,0
DA:53,1
DA:54,0
DA:58,1
DA:60,1
LF:40
LH:34
BRF:0
BRH:0
end_of_record
TN:
SF:controllers\article-contoller.js
FN:4,(anonymous_0)
FN:36,(anonymous_1)
FN:48,(anonymous_2)
FN:60,(anonymous_3)
FN:77,(anonymous_4)
FN:96,(anonymous_5)
FN:121,(anonymous_6)
FNF:7
FNH:5
FNDA:1,(anonymous_0)
FNDA:1,(anonymous_1)
FNDA:1,(anonymous_2)
FNDA:1,(anonymous_3)
FNDA:0,(anonymous_4)
FNDA:1,(anonymous_5)
FNDA:0,(anonymous_6)
DA:1,1
DA:2,1
DA:4,1
DA:5,1
DA:6,1
DA:7,1
DA:8,1
DA:11,1
DA:12,0
DA:13,0
DA:14,0
DA:15,0
DA:16,0
DA:20,0
DA:23,1
DA:29,1
DA:30,1
DA:32,0
DA:36,1
DA:37,1
DA:38,1
DA:39,1
DA:40,0
DA:42,1
DA:44,0
DA:48,1
DA:49,1
DA:50,1
DA:51,1
DA:52,1
DA:54,1
DA:56,1
DA:60,1
DA:61,1
DA:62,1
DA:63,1
DA:64,0
DA:66,1
DA:67,1
DA:73,0
DA:77,1
DA:78,0
DA:79,0
DA:80,0
DA:81,0
DA:82,0
DA:84,0
DA:85,0
DA:86,0
DA:87,0
DA:88,0
DA:90,0
DA:96,1
DA:97,1
DA:100,1
DA:101,1
DA:104,1
DA:109,1
DA:110,1
DA:111,0
DA:113,1
DA:114,1
DA:115,1
DA:117,0
DA:121,1
DA:122,0
DA:123,0
DA:124,0
DA:126,0
DA:127,0
DA:128,0
DA:133,0
LF:72
LH:41
BRDA:11,0,0,0
BRDA:11,0,1,1
BRDA:11,1,0,1
BRDA:11,1,1,1
BRDA:39,2,0,0
BRDA:39,2,1,1
BRDA:51,3,0,1
BRDA:51,3,1,0
BRDA:63,4,0,0
BRDA:63,4,1,1
BRDA:110,5,0,0
BRDA:110,5,1,1
BRDA:127,6,0,0
BRDA:127,6,1,0
BRF:14
BRH:7
end_of_record
TN:
SF:controllers\user-controller.js
FN:9,(anonymous_0)
FN:33,(anonymous_1)
FN:67,(anonymous_2)
FN:93,(anonymous_3)
FN:102,(anonymous_4)
FN:111,(anonymous_5)
FNF:6
FNH:6
FNDA:1,(anonymous_0)
FNDA:1,(anonymous_1)
FNDA:1,(anonymous_2)
FNDA:1,(anonymous_3)
FNDA:1,(anonymous_4)
FNDA:1,(anonymous_5)
DA:1,1
DA:2,1
DA:3,1
DA:4,1
DA:5,1
DA:6,1
DA:9,1
DA:10,1
DA:12,1
DA:14,1
DA:15,1
DA:18,0
DA:26,0
DA:27,0
DA:29,0
DA:33,1
DA:34,1
DA:35,1
DA:37,1
DA:38,0
DA:40,1
DA:41,1
DA:42,0
DA:45,1
DA:46,1
DA:47,1
DA:50,1
DA:51,0
DA:54,1
DA:62,0
DA:67,1
DA:68,1
DA:69,1
DA:70,1
DA:71,0
DA:74,1
DA:75,1
DA:76,1
DA:79,0
DA:89,0
DA:93,1
DA:94,1
DA:95,1
DA:96,1
DA:98,0
DA:102,1
DA:103,1
DA:104,1
DA:105,1
DA:107,0
DA:111,1
DA:112,1
DA:113,1
DA:114,1
DA:119,0
LF:55
LH:41
BRDA:14,0,0,1
BRDA:14,0,1,0
BRDA:37,1,0,0
BRDA:37,1,1,1
BRDA:41,2,0,0
BRDA:41,2,1,1
BRDA:46,3,0,1
BRDA:46,3,1,0
BRDA:50,4,0,0
BRDA:50,4,1,1
BRDA:70,5,0,0
BRDA:70,5,1,1
BRDA:75,6,0,1
BRDA:75,6,1,0
BRF:14
BRH:7
end_of_record
TN:
SF:middlewares\auth.js
FN:4,(anonymous_0)
FNF:1
FNH:1
FNDA:4,(anonymous_0)
DA:1,1
DA:2,1
DA:4,1
DA:5,4
DA:6,4
DA:7,0
DA:9,4
DA:10,4
DA:11,4
DA:12,4
DA:14,0
LF:11
LH:9
BRDA:6,0,0,0
BRDA:6,0,1,4
BRF:2
BRH:1
end_of_record
TN:
SF:middlewares\validate.js
FN:4,(anonymous_0)
FN:20,(anonymous_1)
FN:39,(anonymous_2)
FNF:3
FNH:3
FNDA:1,(anonymous_0)
FNDA:2,(anonymous_1)
FNDA:1,(anonymous_2)
DA:1,1
DA:2,1
DA:4,1
DA:5,1
DA:6,1
DA:11,1
DA:12,1
DA:13,0
DA:14,1
DA:16,0
DA:20,1
DA:21,2
DA:22,2
DA:27,2
DA:28,2
DA:29,0
DA:32,2
DA:34,0
DA:39,1
DA:40,1
DA:46,1
DA:47,1
DA:48,0
DA:55,1
LF:24
LH:19
BRDA:12,0,0,0
BRDA:12,0,1,1
BRDA:28,1,0,0
BRDA:28,1,1,2
BRDA:47,2,0,0
BRDA:47,2,1,1
BRF:6
BRH:3
end_of_record
TN:
SF:models\Article.js
FNF:0
FNH:0
DA:1,1
DA:2,1
DA:4,1
DA:30,1
DA:31,1
LF:5
LH:5
BRF:0
BRH:0
end_of_record
TN:
SF:models\User.js
FN:26,(anonymous_0)
FNF:1
FNH:0
FNDA:0,(anonymous_0)
DA:1,1
DA:2,1
DA:3,1
DA:4,1
DA:6,1
DA:26,1
DA:27,0
DA:30,0
DA:33,1
DA:34,1
LF:10
LH:8
BRF:0
BRH:0
end_of_record
TN:
SF:models\mongodb.js
FN:7,(anonymous_0)
FN:10,(anonymous_1)
FNF:2
FNH:1
FNDA:1,(anonymous_0)
FNDA:0,(anonymous_1)
DA:1,1
DA:3,1
DA:8,1
DA:11,0
LF:4
LH:3
BRF:0
BRH:0
end_of_record
TN:
SF:routes\routes.js
FNF:0
FNH:0
DA:1,1
DA:2,1
DA:3,1
DA:5,1
DA:6,1
DA:7,1
DA:9,1
DA:10,1
DA:11,1
DA:12,1
DA:13,1
DA:14,1
DA:17,1
DA:18,1
DA:19,1
DA:20,1
DA:21,1
DA:22,1
DA:24,1
LF:19
LH:19
BRF:0
BRH:0
end_of_record
TN:
SF:utils\cloudinary.js
FNF:0
FNH:0
DA:1,1
DA:3,1
DA:4,1
DA:5,1
DA:7,1
DA:13,1
LF:6
LH:6
BRF:0
BRH:0
end_of_record
